<?xml version="1.0" encoding="UTF-8"?>
<!-- Generated by org.testng.reporters.JUnitReportReporter -->
<testsuite hostname="LAPTOP-P6D0BJA6" failures="0" tests="2" name="TestScript.Myntra_TestCases" time="112.162" errors="0" timestamp="2020-08-27T16:28:50 IST" skipped="0">
  <testcase classname="TestScript.Myntra_TestCases" name="tc001_Login" time="48.518"/>
  <system-out/>
  <testcase classname="TestScript.Myntra_TestCases" name="tc002_ChooseProduct" time="63.644"/>
  <system-out/>
</testsuite> <!-- TestScript.Myntra_TestCases -->
